<!DOCTYPE html PUBLIC "-//W3C//DTD XHTML 1.1//EN" "https://www.w3.org/TR/xhtml11/DTD/xhtml11.dtd">
<html xmlns="https://www.w3.org/1999/xhtml">
<head>
<meta charset='utf-8'>
<title>TestNG Report</title>
<style type="text/css">
table {margin-bottom:10px;border-collapse:collapse;empty-cells:show}
td,th {border:1px solid #009;padding:.25em .5em}
.result th {vertical-align:bottom}
.param th {padding-left:1em;padding-right:1em}
.param td {padding-left:.5em;padding-right:2em}
.stripe td,.stripe th {background-color: #E6EBF9}
.numi,.numi_attn {text-align:right}
.total td {font-weight:bold}
.passedodd td {background-color: #0A0}
.passedeven td {background-color: #3F3}
.skippedodd td {background-color: #CCC}
.skippedodd td {background-color: #DDD}
.failedodd td,.numi_attn {background-color: #F33}
.failedeven td,.stripe .numi_attn {background-color: #D00}
.stacktrace {white-space:pre;font-family:monospace}
.totop {font-size:85%;text-align:center;border-bottom:2px solid #000}
</style>
</head>
<body>
<table cellspacing="0" cellpadding="0" class="testOverview">
<tr><th>Test</th><th>Methods<br/>Passed</th><th>Scenarios<br/>Passed</th><th># skipped</th><th># failed</th><th>Total<br/>Time</th><th>Included<br/>Groups</th><th>Excluded<br/>Groups</th></tr>
<tr><td style="text-align:left;padding-right:2em"><a href="#t1">OrangeHRM Tests</a></td><td class="numi">4</td><td class="numi">4</td><td class="numi">0</td><td class="numi_attn">2</td><td class="numi">111.5 seconds</td><td class="numi"></td><td class="numi"></td></tr>
</table>
<table cellspacing="0" cellpadding="0" class="methodOverview" id="summary">
<tr><th>Class</th><th>Method</th><th># of<br/>Scenarios</th><th>Start</th><th>Time<br/>(ms)</th></tr>
<tr id="t1"><th colspan="5">OrangeHRM Tests &#8212; failed</th></tr>
<tr class="failedodd"><td>com.test.orangehrm.tests.LoginTest</td><td><a href="#m1"><b>validateNegativeLoginTest</b>  </a></td><td class="numi">1</td><td>1673283030485</td><td class="numi">20727</td></tr>
<tr class="failedeven"><td>com.test.orangehrm.tests.AdminTest</td><td><a href="#m2"><b>validateURLandAddButton</b>  </a></td><td class="numi">1</td><td>1673283110490</td><td class="numi">19233</td></tr>
<tr><th colspan="5">OrangeHRM Tests &#8212; passed</th></tr>
<tr class="passedodd"><td rowspan="2">com.test.orangehrm.tests.LoginTest</td><td><a href="#m3"><b>validatePositiveLoginTest</b>  </a></td><td class="numi">1</td><td>1673283059470</td><td class="numi">38554</td></tr><tr class="passedodd"><td><a href="#m4"><b>validateNegativeLoginTest2</b>  </a></td><td class="numi">1</td><td>1673283051228</td><td class="numi">8241</td></tr>
<tr class="passedeven"><td>com.test.orangehrm.tests.MainTest</td><td><a href="#m5"><b>validateAdminButton</b>  </a></td><td class="numi">1</td><td>1673283103015</td><td class="numi">3081</td></tr>
<tr class="passedodd"><td>com.test.orangehrm.tests.PimTest</td><td><a href="#m6"><b>validatePi</b>  </a></td><td class="numi">1</td><td>1673283133572</td><td class="numi">7643</td></tr>
</table>
<h1>OrangeHRM Tests</h1>
<h2 id="m1">com.test.orangehrm.tests.LoginTest:validateNegativeLoginTest</h2>
<div>
<div class="stacktrace">org.openqa.selenium.NoSuchElementException: Unable to find element with locator By.name: username
For documentation on this error, please visit: https://selenium.dev/exceptions/#no_such_element
Build info: version: &apos;4.7.2&apos;, revision: &apos;4d4020c3b7&apos;
System info: os.name: &apos;Windows 11&apos;, os.arch: &apos;amd64&apos;, os.version: &apos;10.0&apos;, java.version: &apos;11.0.14&apos;
Driver info: driver.version: RemoteWebDriver
	at org.openqa.selenium.remote.ElementLocation$ElementFinder$2.findElement(ElementLocation.java:165)
	at org.openqa.selenium.remote.ElementLocation.findElement(ElementLocation.java:66)
	at org.openqa.selenium.remote.RemoteWebDriver.findElement(RemoteWebDriver.java:351)
	at org.openqa.selenium.remote.RemoteWebDriver.findElement(RemoteWebDriver.java:343)
	at org.openqa.selenium.support.pagefactory.DefaultElementLocator.findElement(DefaultElementLocator.java:70)
	at org.openqa.selenium.support.pagefactory.internal.LocatingElementHandler.invoke(LocatingElementHandler.java:39)
	at com.sun.proxy.$Proxy15.sendKeys(Unknown Source)
	at com.test.orangehrm.pages.LoginPage.sendInformation(LoginPage.java:26)
	at com.test.orangehrm.tests.LoginTest.validateNegativeLoginTest(LoginTest.java:38)
	at java.base/java.util.ArrayList.forEach(ArrayList.java:1541)
	at com.intellij.rt.testng.IDEARemoteTestNG.run(IDEARemoteTestNG.java:66)
	at com.intellij.rt.testng.RemoteTestNGStarter.main(RemoteTestNGStarter.java:109)
... Removed 24 stack frames</div>
</div>
<p class="totop"><a href="#summary">back to summary</a></p>
<h2 id="m2">com.test.orangehrm.tests.AdminTest:validateURLandAddButton</h2>
<div>
<div class="stacktrace">org.openqa.selenium.NoSuchElementException: no such element: Unable to locate element: {&quot;method&quot;:&quot;xpath&quot;,&quot;selector&quot;:&quot;(//input[@class=&apos;oxd-input oxd-input--active oxd-input--error&apos;])[1]&quot;}
  (Session info: chrome=108.0.5359.125)
For documentation on this error, please visit: https://selenium.dev/exceptions/#no_such_element
Build info: version: &apos;4.7.2&apos;, revision: &apos;4d4020c3b7&apos;
System info: os.name: &apos;Windows 11&apos;, os.arch: &apos;amd64&apos;, os.version: &apos;10.0&apos;, java.version: &apos;11.0.14&apos;
Driver info: org.openqa.selenium.chrome.ChromeDriver
Command: [e3dd1b56d7c1ce4b85610424c7e35cf8, findElement {using=xpath, value=(//input[@class=&apos;oxd-input oxd-input--active oxd-input--error&apos;])[1]}]
Capabilities {acceptInsecureCerts: false, browserName: chrome, browserVersion: 108.0.5359.125, chrome: {chromedriverVersion: 108.0.5359.71 (1e0e3868ee06..., userDataDir: C:\Users\cebel\AppData\Loca...}, goog:chromeOptions: {debuggerAddress: localhost:51346}, networkConnectionEnabled: false, pageLoadStrategy: normal, platformName: WINDOWS, proxy: Proxy(), se:cdp: ws://localhost:51346/devtoo..., se:cdpVersion: 108.0.5359.125, setWindowRect: true, strictFileInteractability: false, timeouts: {implicit: 0, pageLoad: 300000, script: 30000}, unhandledPromptBehavior: dismiss and notify, webauthn:extension:credBlob: true, webauthn:extension:largeBlob: true, webauthn:virtualAuthenticators: true}
Session ID: e3dd1b56d7c1ce4b85610424c7e35cf8
	at org.openqa.selenium.remote.codec.w3c.W3CHttpResponseCodec.createException(W3CHttpResponseCodec.java:200)
	at org.openqa.selenium.remote.codec.w3c.W3CHttpResponseCodec.decode(W3CHttpResponseCodec.java:133)
	at org.openqa.selenium.remote.codec.w3c.W3CHttpResponseCodec.decode(W3CHttpResponseCodec.java:53)
	at org.openqa.selenium.remote.HttpCommandExecutor.execute(HttpCommandExecutor.java:184)
	at org.openqa.selenium.remote.service.DriverCommandExecutor.invokeExecute(DriverCommandExecutor.java:167)
	at org.openqa.selenium.remote.service.DriverCommandExecutor.execute(DriverCommandExecutor.java:142)
	at org.openqa.selenium.remote.RemoteWebDriver.execute(RemoteWebDriver.java:535)
	at org.openqa.selenium.remote.ElementLocation$ElementFinder$2.findElement(ElementLocation.java:162)
	at org.openqa.selenium.remote.ElementLocation.findElement(ElementLocation.java:60)
	at org.openqa.selenium.remote.RemoteWebDriver.findElement(RemoteWebDriver.java:351)
	at org.openqa.selenium.remote.RemoteWebDriver.findElement(RemoteWebDriver.java:343)
	at org.openqa.selenium.support.pagefactory.DefaultElementLocator.findElement(DefaultElementLocator.java:70)
	at org.openqa.selenium.support.pagefactory.internal.LocatingElementHandler.invoke(LocatingElementHandler.java:39)
	at com.sun.proxy.$Proxy15.sendKeys(Unknown Source)
	at com.test.orangehrm.pages.AdminPage.sendEmployeeInformation(AdminPage.java:50)
	at com.test.orangehrm.tests.AdminTest.validateURLandAddButton(AdminTest.java:36)
	at java.base/java.util.ArrayList.forEach(ArrayList.java:1541)
	at com.intellij.rt.testng.IDEARemoteTestNG.run(IDEARemoteTestNG.java:66)
	at com.intellij.rt.testng.RemoteTestNGStarter.main(RemoteTestNGStarter.java:109)
... Removed 28 stack frames</div>
</div>
<p class="totop"><a href="#summary">back to summary</a></p>
<h2 id="m3">com.test.orangehrm.tests.LoginTest:validatePositiveLoginTest</h2>
<p class="totop"><a href="#summary">back to summary</a></p>
<h2 id="m4">com.test.orangehrm.tests.LoginTest:validateNegativeLoginTest2</h2>
<p class="totop"><a href="#summary">back to summary</a></p>
<h2 id="m5">com.test.orangehrm.tests.MainTest:validateAdminButton</h2>
<p class="totop"><a href="#summary">back to summary</a></p>
<h2 id="m6">com.test.orangehrm.tests.PimTest:validatePi</h2>
<p class="totop"><a href="#summary">back to summary</a></p>
</body></html>
